0 info it worked if it ends with ok
1 verbose cli [ '/usr/bin/node', '/usr/bin/npm', 'run', 'db:init' ]
2 info using npm@3.10.9
3 info using node@v6.9.2
4 verbose run-script [ 'predb:init', 'db:init', 'postdb:init' ]
5 info lifecycle backzimon-node@0.1.0~predb:init: backzimon-node@0.1.0
6 silly lifecycle backzimon-node@0.1.0~predb:init: no script for predb:init, continuing
7 info lifecycle backzimon-node@0.1.0~db:init: backzimon-node@0.1.0
8 verbose lifecycle backzimon-node@0.1.0~db:init: unsafe-perm in lifecycle true
9 verbose lifecycle backzimon-node@0.1.0~db:init: PATH: /usr/lib/node_modules/npm/bin/node-gyp-bin:/home/dzdomi/Desktop/backzimon-node/node_modules/.bin:/home/dzdomi/Applications/google-cloud-sdk/bin:/usr/lib64/qt-3.3/bin:/usr/local/bin:/usr/local/sbin:/usr/bin:/usr/sbin:/home/dzdomi/bin
10 verbose lifecycle backzimon-node@0.1.0~db:init: CWD: /home/dzdomi/Desktop/backzimon-node
11 silly lifecycle backzimon-node@0.1.0~db:init: Args: [ '-c', 'node models/init.js' ]
12 silly lifecycle backzimon-node@0.1.0~db:init: Returned: code: 1  signal: null
13 info lifecycle backzimon-node@0.1.0~db:init: Failed to exec db:init script
14 verbose stack Error: backzimon-node@0.1.0 db:init: `node models/init.js`
14 verbose stack Exit status 1
14 verbose stack     at EventEmitter.<anonymous> (/usr/lib/node_modules/npm/lib/utils/lifecycle.js:255:16)
14 verbose stack     at emitTwo (events.js:106:13)
14 verbose stack     at EventEmitter.emit (events.js:191:7)
14 verbose stack     at ChildProcess.<anonymous> (/usr/lib/node_modules/npm/lib/utils/spawn.js:40:14)
14 verbose stack     at emitTwo (events.js:106:13)
14 verbose stack     at ChildProcess.emit (events.js:191:7)
14 verbose stack     at maybeClose (internal/child_process.js:877:16)
14 verbose stack     at Process.ChildProcess._handle.onexit (internal/child_process.js:226:5)
15 verbose pkgid backzimon-node@0.1.0
16 verbose cwd /home/dzdomi/Desktop/backzimon-node
17 error Linux 4.8.15-300.fc25.x86_64
18 error argv "/usr/bin/node" "/usr/bin/npm" "run" "db:init"
19 error node v6.9.2
20 error npm  v3.10.9
21 error code ELIFECYCLE
22 error backzimon-node@0.1.0 db:init: `node models/init.js`
22 error Exit status 1
23 error Failed at the backzimon-node@0.1.0 db:init script 'node models/init.js'.
23 error Make sure you have the latest version of node.js and npm installed.
23 error If you do, this is most likely a problem with the backzimon-node package,
23 error not with npm itself.
23 error Tell the author that this fails on your system:
23 error     node models/init.js
23 error You can get information on how to open an issue for this project with:
23 error     npm bugs backzimon-node
23 error Or if that isn't available, you can get their info via:
23 error     npm owner ls backzimon-node
23 error There is likely additional logging output above.
24 verbose exit [ 1, true ]
